nftset=/.continue.dev/4#inet#fw4#vpn_domains
nftset=/.voideditor.com/4#inet#fw4#vpn_domains
nftset=/.imgto3d.ai/4#inet#fw4#vpn_domains
nftset=/.qoder.com/4#inet#fw4#vpn_domains
nftset=/.minimax.io/4#inet#fw4#vpn_domains
nftset=/.hailuo.ai/4#inet#fw4#vpn_domains
nftset=/.qoder.sh/4#inet#fw4#vpn_domains
nftset=/qoder-ide.oss-accelerate.aliyuncs.com/4#inet#fw4#vpn_domains
nftset=/.trae.ai/4#inet#fw4#vpn_domains
nftset=/.check-host.net/4#inet#fw4#vpn_domains
nftset=/*.whatsapp.com/4#inet#fw4#vpn_domains
nftset=/*.whatsapp.net/4#inet#fw4#vpn_domains
nftset=/*.cdn.whatsapp.net/4#inet#fw4#vpn_domains
nftset=/*.fbcdn.net/4#inet#fw4#vpn_domains
nftset=/*.fbsbx.com/4#inet#fw4#vpn_domains
nftset=/*.edge-mqtt.facebook.com/4#inet#fw4#vpn_domains
nftset=/*.whatsapp.biz/4#inet#fw4#vpn_domains
nftset=/*.whatsapp.org/4#inet#fw4#vpn_domains
nftset=/*.whatsapp.co/4#inet#fw4#vpn_domains
nftset=/*.g.whatsapp.net/4#inet#fw4#vpn_domains
nftset=/*.scontent.whatsapp.net/4#inet#fw4#vpn_domains
nftset=/*.static.whatsapp.net/4#inet#fw4#vpn_domains
nftset=/*.pps.whatsapp.net/4#inet#fw4#vpn_domains
nftset=/*.crashlogs.whatsapp.net/4#inet#fw4#vpn_domains
nftset=/*.chat.cdn.whatsapp.net/4#inet#fw4#vpn_domains
nftset=/*.chat-fallback.cdn.whatsapp.net/4#inet#fw4#vpn_domains
nftset=/*.dit.whatsapp.net/4#inet#fw4#vpn_domains
nftset=/*.applecheats.cc/4#inet#fw4#vpn_domains




